<?xml version="1.0" encoding="UTF-8"?>
<testng-results ignored="0" total="3" passed="3" failed="0" skipped="0">
  <reporter-output>
  </reporter-output>
  <suite started-at="2025-09-20T21:34:24 GMT+08:00" name="GridSuite" finished-at="2025-09-20T21:35:18 GMT+08:00" duration-ms="53782">
    <groups>
    </groups>
    <test started-at="2025-09-20T21:34:24 GMT+08:00" name="EdgeTest" finished-at="2025-09-20T21:34:50 GMT+08:00" duration-ms="25352">
      <class name="com.seleniumGrid.ParallelTest">
        <test-method signature="crossBrowserTesting(java.lang.String)[pri:0, instance:com.seleniumGrid.ParallelTest@38afe297]" started-at="2025-09-20T21:34:24 GMT+08:00" name="crossBrowserTesting" finished-at="2025-09-20T21:34:50 GMT+08:00" duration-ms="25208" status="PASS">
          <params>
            <param index="0">
              <value>
                <![CDATA[edge]]>
              </value>
            </param>
          </params>
          <reporter-output>
          </reporter-output>
        </test-method> <!-- crossBrowserTesting -->
      </class> <!-- com.seleniumGrid.ParallelTest -->
    </test> <!-- EdgeTest -->
    <test started-at="2025-09-20T21:34:24 GMT+08:00" name="ChromeTest" finished-at="2025-09-20T21:35:10 GMT+08:00" duration-ms="45850">
      <class name="com.seleniumGrid.ParallelTest">
        <test-method signature="crossBrowserTesting(java.lang.String)[pri:0, instance:com.seleniumGrid.ParallelTest@292b08d6]" started-at="2025-09-20T21:34:24 GMT+08:00" name="crossBrowserTesting" finished-at="2025-09-20T21:35:10 GMT+08:00" duration-ms="45624" status="PASS">
          <params>
            <param index="0">
              <value>
                <![CDATA[chrome]]>
              </value>
            </param>
          </params>
          <reporter-output>
          </reporter-output>
        </test-method> <!-- crossBrowserTesting -->
      </class> <!-- com.seleniumGrid.ParallelTest -->
    </test> <!-- ChromeTest -->
    <test started-at="2025-09-20T21:34:24 GMT+08:00" name="FirefoxTest" finished-at="2025-09-20T21:35:18 GMT+08:00" duration-ms="53781">
      <class name="com.seleniumGrid.ParallelTest">
        <test-method signature="crossBrowserTesting(java.lang.String)[pri:0, instance:com.seleniumGrid.ParallelTest@131ef10]" started-at="2025-09-20T21:34:24 GMT+08:00" name="crossBrowserTesting" finished-at="2025-09-20T21:35:18 GMT+08:00" duration-ms="53673" status="PASS">
          <params>
            <param index="0">
              <value>
                <![CDATA[firefox]]>
              </value>
            </param>
          </params>
          <reporter-output>
          </reporter-output>
        </test-method> <!-- crossBrowserTesting -->
      </class> <!-- com.seleniumGrid.ParallelTest -->
    </test> <!-- FirefoxTest -->
  </suite> <!-- GridSuite -->
</testng-results>
